<?xml version="1.0" encoding="UTF-8"?>
<!-- Generated by org.testng.reporters.JUnitReportReporter -->
<testsuite skipped="0" hostname="asda0029" name="Linkup.TestCases" tests="7" failures="0" timestamp="29 Jun 2018 10:28:39 GMT" time="12.703" errors="0">
  <testcase name="testLoginCorrectCredentials" time="8.040" classname="Linkup.TestCases"/>
  <testcase name="testLoginWorngPswrd_WrongUsrname" time="0.676" classname="Linkup.TestCases"/>
  <testcase name="testLoginBlankPswrd_BlankUsrname" time="0.763" classname="Linkup.TestCases"/>
  <testcase name="testLoginWrongPswrd_CorrectUsrname" time="1.031" classname="Linkup.TestCases"/>
  <testcase name="testLoginCorrectPswrd_WrongUsrname" time="0.636" classname="Linkup.TestCases"/>
  <testcase name="testLoginBlankPswrd_CorrectUsrname" time="0.829" classname="Linkup.TestCases"/>
  <testcase name="testLoginCorrectPswrd_BlankUsrname" time="0.728" classname="Linkup.TestCases"/>
</testsuite> <!-- Linkup.TestCases -->
